##############################
Start initialisation of paths
['data/', 'models/', 'res/', 'figs/', 'logs/', 'models/checkpoints/', 'models/pretrained/']
INIT:	data/	DONE
INIT:	models/	DONE
INIT:	res/	DONE
INIT:	figs/	DONE
INIT:	logs/	DONE
INIT:	models/checkpoints/	DONE
INIT:	models/pretrained/	DONE
##############################
INFO: Data exists in local!
##############################
##############################
INIT betaVAE, device: cpu
Case Name:
 Re40_smallerCNN_beta0.005_wDecay0_dim2_lr0.0002OneCycleLR1e-05_bs256_epochs1000
##############################
INFO: the state dict has been loaded!
INFO: Model has been loaded!
INFO: Data Summary: N train: 801,N test: 200,N total 1001
INFO: Dataloader generated, Num Test batch = 200
INFO: test data has been loaded!
INFO: Start spatial mode generating
##############################
Ordering modes
(801, 2)
[] 0 : Ek=0.3830, elapsed: 0.53s
[] 1 : Ek=0.3811, elapsed: 0.57s
Adding:  0 , Ek:  0.3830257058143616
##############################
[0] 1 : Ek=0.9373, elapsed: 0.55s
Adding:  1 , Ek:  0.9372855797410011
##############################
Rank finished, the rank is [0 1]
Cumulative Ek is [0.38302571 0.93728558]
INFO: RANKING DONE
INFO: Non-linear mode generated
(200, 2)
[0] 0.36924803256988525
[0 1] 0.9535951651632786
INFO: Test E_cum generated
(200, 2, 88, 300)
(200, 2, 88, 300)
Start post-processing
INFO: Latent Variable Train Generated
INFO: Latent Variable Test Generated
INFO: Spatial mode generated
INFO: Post-processing results has been saved as dataset: res/modes_Re40_smallerCNN_beta0.005_wDecay0_dim2_lr0.0002OneCycleLR1e-05_bs256_epochs1000
INFO: Successfuly DONE!
INFO: Spatial Modes finished!
INFO: Inference ended!
##############################
##############################
INIT temporal predictor: easy, device: cpu
Easy-Attention-based Transformer has been generated
FileName: easyAttn_64in_64dmodel_1next_2dim_timeemb_4h_4nb_128ff_reluact_Noneoutact_100Epoch_135000N_TrueES_50P
INFO: The model has been generated, num of parameter is 157955
Case Name:
 easyAttn_64in_64dmodel_1next_2dim_timeemb_4h_4nb_128ff_reluact_Noneoutact_100Epoch_135000N_TrueES_50P
##############################
INFO: Start post-processing
INFO: the state dict has been loaded!
<bound method Module.eval of easyTransformerEncoder(
  (embed): TimeSpaceEmbedding(
    (spac_proj): Linear(in_features=2, out_features=64, bias=True)
    (time_proj): Conv1d(64, 64, kernel_size=(1,), stride=(1,))
    (time_avgpool): AvgPool1d(kernel_size=(2,), stride=(2,), padding=(0,))
    (time_maxpool): MaxPool1d(kernel_size=2, stride=2, padding=0, dilation=1, ceil_mode=False)
    (time_compress): Linear(in_features=64, out_features=64, bias=True)
    (act): Identity()
  )
  (encoders): ModuleList(
    (0-3): 4 x easyEncoderLayer(
      (attn): DenseEasyAttn()
      (feed_forward): PositionWiseFeedForward(
        (fc1): Linear(in_features=64, out_features=128, bias=True)
        (fc2): Linear(in_features=128, out_features=64, bias=True)
        (act): ReLU()
      )
      (norm1): LayerNorm((64,), eps=1e-05, elementwise_affine=True)
      (norm2): LayerNorm((64,), eps=1e-05, elementwise_affine=True)
      (dropout): Dropout(p=1e-05, inplace=False)
    )
  )
  (cf): Conv1d(64, 1, kernel_size=(1,), stride=(1,))
  (of): Linear(in_features=64, out_features=2, bias=True)
)>
INFO: Test data loaded, SIZE = (200, 2)
The sequence length = 200
Begin to compute the sliding window error
131
(5,)
INFO: Inference ended!
##############################
##############################
Start visualisation:
Save Fig to:figs/easy/
Load data from:res/easyAttn_64in_64dmodel_1next_2dim_timeemb_4h_4nb_128ff_reluact_Noneoutact_100Epoch_135000N_TrueES_50P.npz
INFO: Loss Evolution Saved!
INFO: Prediction Evolution Saved!
INFO: l2-norm error Horizion Saved!
INFO: Reconstruted Snapshot at 65 Saved!
